confapp.settings_manager - INFO - added settings: pyforms.settings
idtrackerai_app.base_idtrackerai - INFO - Local settings file not available.
confapp.settings_manager - INFO - added settings: idtrackerai.constants
idtrackerai_app.base_idtrackerai - INFO - TENSORFLOW DEVICES: [_DeviceAttributes(/job:localhost/replica:0/task:0/device:CPU:0, CPU, 268435456, 5846418449245021443), _DeviceAttributes(/job:localhost/replica:0/task:0/device:XLA_CPU:0, XLA_CPU, 17179869184, 14473304584516221780)]
/home/chronos2/idtrackerai_py3/idtrackerai-app/pyforms-terminal/pyforms_terminal/basewidget.py - DEBUG - --------- LOADING TERMINAL PARAMS ---------
/home/chronos2/idtrackerai_py3/idtrackerai-app/pyforms-terminal/pyforms_terminal/basewidget.py - DEBUG - [                       Session]: [session0]
/home/chronos2/idtrackerai_py3/idtrackerai-app/pyforms-terminal/pyforms_terminal/basewidget.py - DEBUG - [                          File]: [None]
/home/chronos2/idtrackerai_py3/idtrackerai-app/pyforms-terminal/pyforms_terminal/basewidget.py - DEBUG - [Video file. Note: overwrite the _video parameter defined in the json. Nice to have to execute the application in a cluster environment]: [None]
/home/chronos2/idtrackerai_py3/idtrackerai-app/pyforms-terminal/pyforms_terminal/basewidget.py - DEBUG - [                    Apply ROI?]: [False]
/home/chronos2/idtrackerai_py3/idtrackerai-app/pyforms-terminal/pyforms_terminal/basewidget.py - DEBUG - [                           ROI]: [None]
/home/chronos2/idtrackerai_py3/idtrackerai-app/pyforms-terminal/pyforms_terminal/basewidget.py - DEBUG - [           Subtract background]: [False]
/home/chronos2/idtrackerai_py3/idtrackerai-app/pyforms-terminal/pyforms_terminal/basewidget.py - DEBUG - [            Check segmentation]: [False]
/home/chronos2/idtrackerai_py3/idtrackerai-app/pyforms-terminal/pyforms_terminal/basewidget.py - DEBUG - [          Resolution reduction]: [1.0]
/home/chronos2/idtrackerai_py3/idtrackerai-app/pyforms-terminal/pyforms_terminal/basewidget.py - DEBUG - [                     Threshold]: [[0, 155]]
/home/chronos2/idtrackerai_py3/idtrackerai-app/pyforms-terminal/pyforms_terminal/basewidget.py - DEBUG - [                    Blobs area]: [[150, 60000]]
/home/chronos2/idtrackerai_py3/idtrackerai-app/pyforms-terminal/pyforms_terminal/basewidget.py - DEBUG - [                  Frames range]: [[0, 10]]
/home/chronos2/idtrackerai_py3/idtrackerai-app/pyforms-terminal/pyforms_terminal/basewidget.py - DEBUG - [                     N animals]: [8.0]
/home/chronos2/idtrackerai_py3/idtrackerai-app/pyforms-terminal/pyforms_terminal/basewidget.py - DEBUG - [                 Frames ranges]: [None]
/home/chronos2/idtrackerai_py3/idtrackerai-app/pyforms-terminal/pyforms_terminal/basewidget.py - DEBUG - [               Multiple ranges]: [False]
/home/chronos2/idtrackerai_py3/idtrackerai-app/pyforms-terminal/pyforms_terminal/basewidget.py - DEBUG - [      Track without identities]: [False]
/home/chronos2/idtrackerai_py3/idtrackerai-app/pyforms-terminal/pyforms_terminal/basewidget.py - DEBUG - --------- END LOADING TERMINAL PARAMS ---------
/home/chronos2/idtrackerai_py3/idtrackerai-app/pyforms-terminal/pyforms_terminal/basewidget.py - DEBUG - --------- LOADING CONFIG JSON ---------
/home/chronos2/idtrackerai_py3/idtrackerai-app/pyforms-terminal/pyforms_terminal/basewidget.py - DEBUG - [                       Session]: [{'value': 'test'}]
/home/chronos2/idtrackerai_py3/idtrackerai-app/pyforms-terminal/pyforms_terminal/basewidget.py - DEBUG - [                          File]: [{'value': '/home/chronos2/idtrackerai_py3/data/idtrackerai_example_video/example_video_idtrackerai.avi'}]
/home/chronos2/idtrackerai_py3/idtrackerai-app/pyforms-terminal/pyforms_terminal/basewidget.py - DEBUG - [                  Frames range]: [{'value': [0, 508], 'max': 508, 'min': 0, 'scale': 1.0, 'convert-int': False}]
/home/chronos2/idtrackerai_py3/idtrackerai-app/pyforms-terminal/pyforms_terminal/basewidget.py - DEBUG - [                 Frames ranges]: [{'value': ''}]
/home/chronos2/idtrackerai_py3/idtrackerai-app/pyforms-terminal/pyforms_terminal/basewidget.py - DEBUG - [               Multiple ranges]: [{'value': 'False'}]
/home/chronos2/idtrackerai_py3/idtrackerai-app/pyforms-terminal/pyforms_terminal/basewidget.py - DEBUG - [                     Threshold]: [{'value': [0, 155], 'max': 255, 'min': 0, 'scale': 1.0, 'convert-int': False}]
/home/chronos2/idtrackerai_py3/idtrackerai-app/pyforms-terminal/pyforms_terminal/basewidget.py - DEBUG - [                    Blobs area]: [{'value': [150, 60000], 'max': 60000, 'min': 0, 'scale': 1.0, 'convert-int': False}]
/home/chronos2/idtrackerai_py3/idtrackerai-app/pyforms-terminal/pyforms_terminal/basewidget.py - DEBUG - [                     N animals]: [{'value': 8}]
/home/chronos2/idtrackerai_py3/idtrackerai-app/pyforms-terminal/pyforms_terminal/basewidget.py - DEBUG - [          Resolution reduction]: [{'value': 1.0}]
/home/chronos2/idtrackerai_py3/idtrackerai-app/pyforms-terminal/pyforms_terminal/basewidget.py - DEBUG - [            Check segmentation]: [{'value': 'False'}]
/home/chronos2/idtrackerai_py3/idtrackerai-app/pyforms-terminal/pyforms_terminal/basewidget.py - DEBUG - [                           ROI]: [{}]
/home/chronos2/idtrackerai_py3/idtrackerai-app/pyforms-terminal/pyforms_terminal/basewidget.py - DEBUG - [      Track without identities]: [{'value': 'False'}]
/home/chronos2/idtrackerai_py3/idtrackerai-app/pyforms-terminal/pyforms_terminal/basewidget.py - DEBUG - [           Subtract background]: [{'value': 'False'}]
/home/chronos2/idtrackerai_py3/idtrackerai-app/pyforms-terminal/pyforms_terminal/basewidget.py - DEBUG - --------- END LOADING CONFIG JSON ---------
/home/chronos2/idtrackerai_py3/idtrackerai-app/pyforms-terminal/pyforms_terminal/basewidget.py - DEBUG - --------- FIELDS FINAL VALUES ---------
/home/chronos2/idtrackerai_py3/idtrackerai-app/pyforms-terminal/pyforms_terminal/basewidget.py - DEBUG - [                      _session]: [test]
/home/chronos2/idtrackerai_py3/idtrackerai-app/pyforms-terminal/pyforms_terminal/basewidget.py - DEBUG - [                        _video]: [/home/chronos2/idtrackerai_py3/data/idtrackerai_example_video/example_video_idtrackerai.avi]
/home/chronos2/idtrackerai_py3/idtrackerai-app/pyforms-terminal/pyforms_terminal/basewidget.py - DEBUG - [                   _video_path]: [None]
/home/chronos2/idtrackerai_py3/idtrackerai-app/pyforms-terminal/pyforms_terminal/basewidget.py - DEBUG - [                     _applyroi]: [False]
/home/chronos2/idtrackerai_py3/idtrackerai-app/pyforms-terminal/pyforms_terminal/basewidget.py - DEBUG - [                          _roi]: [[]]
/home/chronos2/idtrackerai_py3/idtrackerai-app/pyforms-terminal/pyforms_terminal/basewidget.py - DEBUG - [                        _bgsub]: [False]
/home/chronos2/idtrackerai_py3/idtrackerai-app/pyforms-terminal/pyforms_terminal/basewidget.py - DEBUG - [                     _chcksegm]: [False]
/home/chronos2/idtrackerai_py3/idtrackerai-app/pyforms-terminal/pyforms_terminal/basewidget.py - DEBUG - [                    _resreduct]: [1.0]
/home/chronos2/idtrackerai_py3/idtrackerai-app/pyforms-terminal/pyforms_terminal/basewidget.py - DEBUG - [                    _intensity]: [[0, 155]]
/home/chronos2/idtrackerai_py3/idtrackerai-app/pyforms-terminal/pyforms_terminal/basewidget.py - DEBUG - [                         _area]: [[150, 60000]]
/home/chronos2/idtrackerai_py3/idtrackerai-app/pyforms-terminal/pyforms_terminal/basewidget.py - DEBUG - [                        _range]: [[0, 508]]
/home/chronos2/idtrackerai_py3/idtrackerai-app/pyforms-terminal/pyforms_terminal/basewidget.py - DEBUG - [                       _nblobs]: [8]
/home/chronos2/idtrackerai_py3/idtrackerai-app/pyforms-terminal/pyforms_terminal/basewidget.py - DEBUG - [                     _progress]: [None]
/home/chronos2/idtrackerai_py3/idtrackerai-app/pyforms-terminal/pyforms_terminal/basewidget.py - DEBUG - [                     _rangelst]: []
/home/chronos2/idtrackerai_py3/idtrackerai-app/pyforms-terminal/pyforms_terminal/basewidget.py - DEBUG - [               _multiple_range]: [False]
/home/chronos2/idtrackerai_py3/idtrackerai-app/pyforms-terminal/pyforms_terminal/basewidget.py - DEBUG - [                       _no_ids]: [False]
/home/chronos2/idtrackerai_py3/idtrackerai-app/pyforms-terminal/pyforms_terminal/basewidget.py - DEBUG - --------- END FIELDS FINAL VALUES ---------
__main__.video - DEBUG - Video object init
__main__.video - INFO - the folder /home/chronos2/idtrackerai_py3/data/idtrackerai_example_video/session_test has been created
idtrackerai_app.base_idtrackerai - DEBUG - create Chosen_Video
__main__.video - DEBUG - Video object init
idtrackerai_app.base_idtrackerai - DEBUG - before init PreprocessingPreviewAPI
idtrackerai_app.base_idtrackerai - DEBUG - pre object: <idtrackerai.preprocessing_preview_api.PreprocessingPreviewAPI object at 0x7ff54c396940>
idtrackerai_app.base_idtrackerai - DEBUG - call: init_preview
idtrackerai.preprocessing_preview_api - DEBUG - init_preview
idtrackerai.preprocessing_preview_api - DEBUG - init_preproc_parameters
idtrackerai.preprocessing_preview_api - DEBUG - init_segment_zero
idtrackerai_app.base_idtrackerai - DEBUG - call: init_preproc_parameters
idtrackerai.preprocessing_preview_api - DEBUG - init_preproc_parameters
idtrackerai_app.base_idtrackerai - DEBUG - call: segment
idtrackerai.preprocessing_preview_api - DEBUG - segment
idtrackerai.preprocessing_preview_api - DEBUG - segment 1
idtrackerai.preprocessing_preview_api - DEBUG - segment 2
__main__.video - INFO - saving video object in /home/chronos2/idtrackerai_py3/data/idtrackerai_example_video/session_test/video_object.npy
__main__.video - INFO - the folder /home/chronos2/idtrackerai_py3/data/idtrackerai_example_video/session_test/segmentation_data has been created
__main__.video - INFO - the folder /home/chronos2/idtrackerai_py3/data/idtrackerai_example_video/session_test/identification_images has been created
idtrackerai_app.base_idtrackerai - DEBUG - call: compute_list_of_blobs
__main__.py_utils - INFO - Setting MKL library to use single thread
__main__.segmentation - INFO - There is only one path, segmenting by frame indices
__main__.py_utils - INFO - Setting MKL library to use multiple threads
__main__.video - INFO - the folder /home/chronos2/idtrackerai_py3/data/idtrackerai_example_video/session_test/preprocessing has been created
idtrackerai_app.base_idtrackerai - DEBUG - call: check_segmentation_consistency
idtrackerai_app.base_idtrackerai - DEBUG - call: save_list_of_blobs_segmented
__main__.video - INFO - saving video object in /home/chronos2/idtrackerai_py3/data/idtrackerai_example_video/session_test/video_object.npy
idtrackerai_app.base_idtrackerai - DEBUG - call: model_area_and_crossing_detector
idtrackerai_app.base_idtrackerai - DEBUG - call: train_and_apply_crossing_detector
__main__.crossing_detector - INFO - Discriminating blobs representing individuals from blobs associated to crossings
__main__.video - INFO - setting path to save crossing detector model
__main__.video - INFO - the folder /home/chronos2/idtrackerai_py3/data/idtrackerai_example_video/session_test/crossings_detector has been created
__main__.crossing_detector - INFO - Get individual and crossing images labelled data
__main__.get_crossing_data_set - DEBUG - number of crossing blobs (in get list): 94
__main__.get_crossing_data_set - DEBUG - number of individual blobs (before cut): 3104
__main__.get_crossing_data_set - INFO - number of sure crossing images used for training: 94
__main__.get_crossing_data_set - INFO - number of individual images used for training: 94
__main__.get_crossing_data_set - INFO - Generating crossing training set.
__main__.get_crossing_data_set - DEBUG - resampling factor crossings: 0.1413427561837456
__main__.get_crossing_data_set - INFO - Generating single individual training set
__main__.get_crossing_data_set - DEBUG - resampling factor individual: 0.1413427561837456
__main__.get_crossing_data_set - INFO - Preparing images and labels
__main__.get_crossing_data_set - INFO - number of sure crossing images used for training: 94
__main__.get_crossing_data_set - INFO - number of individual images used for training: 94
__main__.get_crossing_data_set - INFO - Generating crossing validation set.
__main__.get_crossing_data_set - DEBUG - resampling factor crossings: 0.1413427561837456
__main__.get_crossing_data_set - INFO - Generating single individual validation set
__main__.get_crossing_data_set - DEBUG - resampling factor individual: 0.1413427561837456
__main__.get_crossing_data_set - INFO - Preparing images and labels
__main__.crossing_detector - INFO - Start crossing detector training
__main__.crossing_detector - INFO - Crossing detector training finished
__main__.crossing_detector - INFO - crossing image shape (40, 40, 1)
__main__.crossings_detector_model - INFO - Building graph....
tensorflow - WARNING - From /home/chronos2/miniconda2/envs/idtrackerai_py3/lib/python3.6/site-packages/tensorflow/python/framework/op_def_library.py:263: colocate_with (from tensorflow.python.framework.ops) is deprecated and will be removed in a future version.
Instructions for updating:
Colocations handled automatically by placer.
tensorflow - WARNING - From /home/chronos2/idtrackerai_py3/idtrackerai/utils/cnn_utils.py:172: calling dropout (from tensorflow.python.ops.nn_ops) with keep_prob is deprecated and will be removed in a future version.
Instructions for updating:
Please use `rate` instead of `keep_prob`. Rate should be set to `rate = 1 - keep_prob`.
tensorflow - WARNING - From /home/chronos2/miniconda2/envs/idtrackerai_py3/lib/python3.6/site-packages/tensorflow/python/ops/losses/losses_impl.py:209: to_float (from tensorflow.python.ops.math_ops) is deprecated and will be removed in a future version.
Instructions for updating:
Use tf.cast instead.
tensorflow - WARNING - From /home/chronos2/idtrackerai_py3/idtrackerai/network/crossings_detector_model/crossings_detector_model.py:105: div (from tensorflow.python.ops.math_ops) is deprecated and will be removed in a future version.
Instructions for updating:
Deprecated in favor of operator or tf.math.divide.
__main__.train_crossing_detector - INFO - 
Training Deep Crossing Detector
__main__.train_crossing_detector - DEBUG - entering the epochs loop...
__main__.stop_training_criteria_crossings - INFO - The individual accuracies in validation is 1. for all the classes, we stop the training

__main__.train_crossing_detector - DEBUG - validation losses: [0.15232936, 0.0739853, 0.042749368, 0.021814425, 0.00852724, 0.006010414, 0.0020816596, 0.0014860646, 0.0008728545, 0.0006903842, 0.0004937026]
__main__.crossings_detector_model - INFO - (in save) self.params._save_folder /home/chronos2/idtrackerai_py3/data/idtrackerai_example_video/session_test/crossings_detector
__main__.crossings_detector_model - INFO - Model saved in file: /home/chronos2/idtrackerai_py3/data/idtrackerai_example_video/session_test/crossings_detector/.ckpt-11
__main__.crossing_detector - DEBUG - crossing image size 283
__main__.video - INFO - saving video object in /home/chronos2/idtrackerai_py3/data/idtrackerai_example_video/session_test/video_object.npy
__main__.crossing_detector - DEBUG - Freeing memory. Validation and training crossings sets deleted
__main__.get_crossing_data_set - INFO - number of test images: 700
__main__.crossing_detector - DEBUG - Classify individuals and crossings
__main__.get_predictions_crossings - DEBUG - There is enough RAM to host 700 images
__main__.get_predictions_crossings - INFO - getting predictions...
__main__.get_crossing_data_set - DEBUG - resampling factor test: 0.1413427561837456
__main__.crossing_detector - DEBUG - Freeing memory. Test crossings set deleted
idtrackerai_app.base_idtrackerai - DEBUG - call: generate_list_of_fragments_and_global_fragments
__main__.list_of_blobs - INFO - number_of_individual_fragments, 79
__main__.list_of_blobs - INFO - number_of_crossing_fragments: 41
__main__.list_of_blobs - INFO - total number of fragments: 120
__main__.list_of_fragments - INFO - getting coexisting individual fragments indices
__main__.list_of_fragments - INFO - saving list of fragments at /home/chronos2/idtrackerai_py3/data/idtrackerai_example_video/session_test/preprocessing/fragments.npy
__main__.list_of_blobs - INFO - saving blobs list at /home/chronos2/idtrackerai_py3/data/idtrackerai_example_video/session_test/preprocessing/blobs_collection.npy
__main__.list_of_global_fragments - INFO - saving list of global fragments at /home/chronos2/idtrackerai_py3/data/idtrackerai_example_video/session_test/preprocessing/global_fragments.npy
__main__.video - INFO - saving video object in /home/chronos2/idtrackerai_py3/data/idtrackerai_example_video/session_test/video_object.npy
__main__.video - INFO - the folder /home/chronos2/idtrackerai_py3/data/idtrackerai_example_video/session_test has been created
__main__.list_of_fragments - INFO - loading list of fragments from /home/chronos2/idtrackerai_py3/data/idtrackerai_example_video/session_test/preprocessing/fragments.npy
__main__.list_of_global_fragments - INFO - loading list of global fragments from /home/chronos2/idtrackerai_py3/data/idtrackerai_example_video/session_test/preprocessing/global_fragments.npy
__main__.video - DEBUG - Video object init
__main__.list_of_blobs - INFO - loading blobs list from /home/chronos2/idtrackerai_py3/data/idtrackerai_example_video/session_test/preprocessing/blobs_collection.npy
__main__.py_utils - DEBUG - loading old video object from get existent files
__main__.video - INFO - Updating checkpoint files
__main__.video - INFO - Saving video object
__main__.video - INFO - saving video object in /home/chronos2/idtrackerai_py3/data/idtrackerai_example_video/session_test/video_object.npy
__main__.video - INFO - Done
__main__.py_utils - INFO - old video_object loaded
__main__.py_utils - DEBUG - has_been_preprocessed
idtrackerai.tracker_api - INFO - Starting protocol cascade
idtrackerai.tracker_api - DEBUG - ****** setting protocol1 time
__main__.list_of_fragments - WARNING - Reseting list_of_fragments
__main__.list_of_fragments - WARNING - Done
__main__.id_CNN - DEBUG - training model 0
__main__.id_CNN - DEBUG - plh image_width 44
__main__.id_CNN - DEBUG - plh image_height 44
__main__.id_CNN - DEBUG - model_image_width 44
__main__.id_CNN - DEBUG - model_image_height 44
__main__.id_CNN - DEBUG - Training with SGD
__main__.id_CNN - DEBUG - Optimizing the whole network
__main__.id_CNN - DEBUG - /home/chronos2/idtrackerai_py3/data/idtrackerai_example_video/session_test/accumulation_0/conv has been created
__main__.id_CNN - DEBUG - /home/chronos2/idtrackerai_py3/data/idtrackerai_example_video/session_test/accumulation_0/softmax has been created
idtrackerai.tracker_api - WARNING - ------------Calling accumulation loop
idtrackerai.tracker_api - WARNING - Calling accumulate from accumulation_loop
idtrackerai.tracker_api - INFO - ------------------------> Calling accumulate
__main__.accumulation_manager - WARNING - There are fragments acceptable for training
idtrackerai.tracker_api - INFO - --------------------> Performing accumulation
idtrackerai.tracker_api - WARNING - Starting one_shot_accumulation
__main__.accumulator - INFO - accumulation step 0
__main__.accumulation_manager - INFO - New images for training: 1594 (1594,)
__main__.accumulation_manager - INFO - Getting images for training...
__main__.accumulator - DEBUG - images: (1594, 44, 44)
__main__.accumulator - DEBUG - labels: (1594,)
__main__.trainer - INFO - Training...
__main__.id_CNN - DEBUG - Reinitializing softmax and fully connected
